<?xml version="1.0" encoding="UTF-8"?>
<testng-results skipped="0" failed="0" ignored="0" total="1" passed="1">
  <reporter-output>
  </reporter-output>
  <suite name="Default suite" duration-ms="186851" started-at="2018-10-07T16:43:45Z" finished-at="2018-10-07T16:46:52Z">
    <groups>
    </groups>
    <test name="Default test" duration-ms="186851" started-at="2018-10-07T16:43:45Z" finished-at="2018-10-07T16:46:52Z">
      <class name="Functional.CartDomain.scripts.Amazon001_SampleScript">
        <test-method status="PASS" signature="runTest()[pri:0, instance:Functional.CartDomain.scripts.Amazon001_SampleScript@7a69b07]" name="runTest" duration-ms="186768" started-at="2018-10-07T22:13:45Z" finished-at="2018-10-07T22:16:52Z">
          <reporter-output>
          </reporter-output>
        </test-method> <!-- runTest -->
      </class> <!-- Functional.CartDomain.scripts.Amazon001_SampleScript -->
    </test> <!-- Default test -->
  </suite> <!-- Default suite -->
</testng-results>
