<?xml version="1.0" encoding="UTF-8"?>
<testng-results skipped="0" failed="0" ignored="0" total="1" passed="1">
  <reporter-output>
  </reporter-output>
  <suite name="Default suite" duration-ms="16025" started-at="2018-10-06T08:23:37Z" finished-at="2018-10-06T08:23:53Z">
    <groups>
    </groups>
    <test name="Default test" duration-ms="16025" started-at="2018-10-06T08:23:37Z" finished-at="2018-10-06T08:23:53Z">
      <class name="Functional.homepage.scripts.Functional.homepage.scripts.NewTest">
        <test-method status="PASS" signature="f()[pri:0, instance:Functional.homepage.scripts.Functional.homepage.scripts.NewTest@2667f029]" name="f" duration-ms="15956" started-at="2018-10-06T13:53:37Z" finished-at="2018-10-06T13:53:53Z">
          <reporter-output>
          </reporter-output>
        </test-method> <!-- f -->
      </class> <!-- Functional.homepage.scripts.Functional.homepage.scripts.NewTest -->
    </test> <!-- Default test -->
  </suite> <!-- Default suite -->
</testng-results>
